<?xml version="1.0" encoding="UTF-8"?>
<!-- Generated by org.testng.reporters.JUnitReportReporter -->
<testsuite hostname="LAPTOP-GMSE429J" failures="0" tests="1" name="tests._09_Zafer_Harun.US_039.TC_01" time="10.023" errors="0" timestamp="2023-03-30T02:09:10 MESZ" skipped="0">
  <testcase classname="tests._09_Zafer_Harun.US_039.TC_01" name="TC_01_merchantEarnings" time="10.023"/>
  <system-out/>
</testsuite> <!-- tests._09_Zafer_Harun.US_039.TC_01 -->
